2022-06-09 22:54:08,510|azureml|DEBUG|Inputs:: kwargs: {'OutputCollection': True, 'EnableMLflowTracking': True, 'snapshotProject': True}, track_folders: None, deny_list: None, directories_to_watch: ['logs', 'logs/azureml']
2022-06-09 22:54:08,511|azureml.history._tracking.PythonWorkingDirectory|DEBUG|Execution target type: none
2022-06-09 22:54:08,511|azureml.history._tracking.PythonWorkingDirectory|DEBUG|Failed to import pyspark with error: No module named 'pyspark'
2022-06-09 22:54:08,511|azureml.history._tracking.PythonWorkingDirectory.workingdir|DEBUG|Pinning working directory for filesystems: ['pyfs']
2022-06-09 22:54:09,058|azureml.core.run|DEBUG|Adding new factory <function ScriptRun._from_run_dto at 0x7f931db3d598> for run source azureml.scriptrun
2022-06-09 22:54:09,059|azureml.core.run|DEBUG|Identity in use is not set. Falling back to using AMLToken
2022-06-09 22:54:09,060|azureml.core.run|DEBUG|Using AMLToken auth for remote run
2022-06-09 22:54:09,064|azureml.core.authentication.TokenRefresherDaemon|DEBUG|Starting daemon and triggering first instance
2022-06-09 22:54:09,075|azureml._restclient.clientbase|INFO|Created a worker pool for first use
2022-06-09 22:54:09,075|azureml.core.authentication|DEBUG|Time to expire 1814218.92413 seconds
2022-06-09 22:54:09,076|azureml._restclient.service_context|DEBUG|Created a static thread pool for ServiceContext class
2022-06-09 22:54:09,076|azureml._restclient.clientbase|DEBUG|ClientBase: Calling get with url None
2022-06-09 22:54:09,109|azureml._base_sdk_common.service_discovery|DEBUG|Found history service url in environment variable AZUREML_SERVICE_ENDPOINT, history service url: https://eastus.api.azureml.ms.
2022-06-09 22:54:09,110|azureml._base_sdk_common.service_discovery|DEBUG|Found history service url in environment variable AZUREML_SERVICE_ENDPOINT, history service url: https://eastus.api.azureml.ms.
2022-06-09 22:54:09,110|azureml._base_sdk_common.service_discovery|DEBUG|Found history service url in environment variable AZUREML_SERVICE_ENDPOINT, history service url: https://eastus.api.azureml.ms.
2022-06-09 22:54:09,110|azureml._base_sdk_common.service_discovery|DEBUG|Found history service url in environment variable AZUREML_SERVICE_ENDPOINT, history service url: https://eastus.api.azureml.ms.
2022-06-09 22:54:09,110|azureml._base_sdk_common.service_discovery|DEBUG|Found history service url in environment variable AZUREML_SERVICE_ENDPOINT, history service url: https://eastus.api.azureml.ms.
2022-06-09 22:54:09,111|azureml._base_sdk_common.service_discovery|DEBUG|Found history service url in environment variable AZUREML_SERVICE_ENDPOINT, history service url: https://eastus.api.azureml.ms.
2022-06-09 22:54:09,111|azureml._base_sdk_common.service_discovery|DEBUG|Found history service url in environment variable AZUREML_SERVICE_ENDPOINT, history service url: https://eastus.api.azureml.ms.
2022-06-09 22:54:09,254|azureml._SubmittedRun#mslearn-diabetes_1654815067_d3e584ca.RunHistoryFacade.RunClient.get_by_exp_id-async:False|DEBUG|[START]
2022-06-09 22:54:09,254|azureml._SubmittedRun#mslearn-diabetes_1654815067_d3e584ca.RunHistoryFacade.RunClient|DEBUG|ClientBase: Calling get_by_exp_id with url /history/v1.0/subscriptions/{subscriptionId}/resourceGroups/{resourceGroupName}/providers/Microsoft.MachineLearningServices/workspaces/{workspaceName}/experimentids/{experimentId}/runs/{runId}
2022-06-09 22:54:09,311|azureml._SubmittedRun#mslearn-diabetes_1654815067_d3e584ca.RunHistoryFacade.RunClient.get_by_exp_id-async:False|DEBUG|[STOP]
2022-06-09 22:54:09,312|azureml._SubmittedRun#mslearn-diabetes_1654815067_d3e584ca|DEBUG|Constructing run from dto. type: azureml.scriptrun, source: None, props: {'_azureml.ComputeTargetType': 'local', 'ContentSnapshotId': '7d853180-84b7-46da-9b2b-e656a4d5ca81', 'azureml.git.repository_uri': 'https://github.com/arpan-ta/mslearn-dp100.git', 'mlflow.source.git.repoURL': 'https://github.com/arpan-ta/mslearn-dp100.git', 'azureml.git.branch': 'main', 'mlflow.source.git.branch': 'main', 'azureml.git.commit': 'd2354e40eec31c22eb09381c6a890311cccc30c9', 'mlflow.source.git.commit': 'd2354e40eec31c22eb09381c6a890311cccc30c9', 'azureml.git.dirty': 'True'}
2022-06-09 22:54:09,312|azureml._SubmittedRun#mslearn-diabetes_1654815067_d3e584ca.RunContextManager|DEBUG|Valid logs dir, setting up content loader
2022-06-09 22:54:09,985|azureml|DEBUG|Installed with mlflow version 1.23.1.
2022-06-09 22:54:09,986|azureml.mlflow|DEBUG|Setting up a Remote MLflow run
2022-06-09 22:54:09,987|azureml.mlflow|DEBUG|Creating a tracking uri in eastus.api.azureml.ms for workspace /subscriptions/73711bf5-4cda-4aca-893d-7e16cea46e36/resourceGroups/dp100/providers/Microsoft.MachineLearningServices/workspaces/dp100_mlws
2022-06-09 22:54:09,988|azureml.mlflow|DEBUG|Setting MLflow tracking uri env var
2022-06-09 22:54:09,988|azureml.mlflow|DEBUG|Setting MLflow run id env var with mslearn-diabetes_1654815067_d3e584ca
2022-06-09 22:54:09,988|azureml.mlflow|DEBUG|Setting Mlflow experiment with mslearn-diabetes
2022-06-09 22:54:09,988|azureml.mlflow|DEBUG|Setting Mlflow experiment with 037785c8-09cd-4ca7-bd5e-b26365dfd8a8
2022-06-09 22:54:09,989|azureml.mlflow|DEBUG|Setting the mlflow tag mlflow.source.type
2022-06-09 22:54:09,989|azureml.mlflow|DEBUG|Setting the mlflow tag mlflow.source.name
2022-06-09 22:54:09,989|azureml._SubmittedRun#mslearn-diabetes_1654815067_d3e584ca.RunHistoryFacade.RunClient.get_details-async:False|DEBUG|[START]
2022-06-09 22:54:09,990|azureml._SubmittedRun#mslearn-diabetes_1654815067_d3e584ca.RunHistoryFacade.RunClient|DEBUG|ClientBase: Calling get_details with url /history/v1.0/subscriptions/{subscriptionId}/resourceGroups/{resourceGroupName}/providers/Microsoft.MachineLearningServices/workspaces/{workspaceName}/experiments/{experimentName}/runs/{runId}/details
2022-06-09 22:54:10,099|azureml._SubmittedRun#mslearn-diabetes_1654815067_d3e584ca.RunHistoryFacade.RunClient.get_details-async:False|DEBUG|[STOP]
2022-06-09 22:54:10,102|azureml._SubmittedRun#mslearn-diabetes_1654815067_d3e584ca.RunHistoryFacade.ArtifactsClient|DEBUG|Fetching files for prefix in ExperimentRun, dcid.mslearn-diabetes_1654815067_d3e584ca, user_logs
2022-06-09 22:54:10,102|azureml._SubmittedRun#mslearn-diabetes_1654815067_d3e584ca.RunHistoryFacade.ArtifactsClient.list_sas_by_prefix-async:True|DEBUG|[START]
2022-06-09 22:54:10,103|azureml._restclient.service_context.WorkerPool|DEBUG|submitting future: _execute_with_base_arguments
2022-06-09 22:54:10,103|azureml._SubmittedRun#mslearn-diabetes_1654815067_d3e584ca.RunHistoryFacade.ArtifactsClient|DEBUG|ClientBase: Calling list_sas_by_prefix with url /artifact/v2.0/subscriptions/{subscriptionId}/resourceGroups/{resourceGroupName}/providers/Microsoft.MachineLearningServices/workspaces/{workspaceName}/artifacts/prefix/contentinfo/{origin}/{container}/{path}
2022-06-09 22:54:10,107|azureml._SubmittedRun#mslearn-diabetes_1654815067_d3e584ca.RunHistoryFacade.ArtifactsClient.list_sas_by_prefix|DEBUG|Using basic handler - no exception handling
2022-06-09 22:54:10,107|azureml._SubmittedRun#mslearn-diabetes_1654815067_d3e584ca.RunHistoryFacade.ArtifactsClient.list_sas_by_prefix-async:True|DEBUG|[STOP]
2022-06-09 22:54:10,108|azureml._SubmittedRun#mslearn-diabetes_1654815067_d3e584ca.RunHistoryFacade.ArtifactsClient.list_sas_by_prefix.WaitingTask|DEBUG|[START]
2022-06-09 22:54:10,108|azureml._SubmittedRun#mslearn-diabetes_1654815067_d3e584ca.RunHistoryFacade.ArtifactsClient.list_sas_by_prefix.WaitingTask|DEBUG|Awaiter is ApiPagination
2022-06-09 22:54:10,169|azureml._SubmittedRun#mslearn-diabetes_1654815067_d3e584ca.RunHistoryFacade.ArtifactsClient.list_sas_by_prefix.WaitingTask|DEBUG|[STOP]
2022-06-09 22:54:10,170|azureml._restclient.clientbase|DEBUG|Found continuation_token field in DTO
2022-06-09 22:54:10,171|azureml._SubmittedRun#mslearn-diabetes_1654815067_d3e584ca.RunHistoryFacade.ArtifactsClient|DEBUG|Fetching files for prefix in ExperimentRun, dcid.mslearn-diabetes_1654815067_d3e584ca, system_logs
2022-06-09 22:54:10,171|azureml._SubmittedRun#mslearn-diabetes_1654815067_d3e584ca.RunHistoryFacade.ArtifactsClient.list_sas_by_prefix-async:True|DEBUG|[START]
2022-06-09 22:54:10,171|azureml._restclient.service_context.WorkerPool|DEBUG|submitting future: _execute_with_base_arguments
2022-06-09 22:54:10,171|azureml._SubmittedRun#mslearn-diabetes_1654815067_d3e584ca.RunHistoryFacade.ArtifactsClient|DEBUG|ClientBase: Calling list_sas_by_prefix with url /artifact/v2.0/subscriptions/{subscriptionId}/resourceGroups/{resourceGroupName}/providers/Microsoft.MachineLearningServices/workspaces/{workspaceName}/artifacts/prefix/contentinfo/{origin}/{container}/{path}
2022-06-09 22:54:10,171|azureml._SubmittedRun#mslearn-diabetes_1654815067_d3e584ca.RunHistoryFacade.ArtifactsClient.list_sas_by_prefix|DEBUG|Using basic handler - no exception handling
2022-06-09 22:54:10,172|azureml._SubmittedRun#mslearn-diabetes_1654815067_d3e584ca.RunHistoryFacade.ArtifactsClient.list_sas_by_prefix-async:True|DEBUG|[STOP]
2022-06-09 22:54:10,172|azureml._SubmittedRun#mslearn-diabetes_1654815067_d3e584ca.RunHistoryFacade.ArtifactsClient.list_sas_by_prefix.WaitingTask|DEBUG|[START]
2022-06-09 22:54:10,172|azureml._SubmittedRun#mslearn-diabetes_1654815067_d3e584ca.RunHistoryFacade.ArtifactsClient.list_sas_by_prefix.WaitingTask|DEBUG|Awaiter is ApiPagination
2022-06-09 22:54:10,666|azureml._SubmittedRun#mslearn-diabetes_1654815067_d3e584ca.RunHistoryFacade.ArtifactsClient.list_sas_by_prefix.WaitingTask|DEBUG|[STOP]
2022-06-09 22:54:10,666|azureml._restclient.clientbase|DEBUG|Found continuation_token field in DTO
2022-06-09 22:54:10,667|azureml._SubmittedRun#mslearn-diabetes_1654815067_d3e584ca.RunHistoryFacade.RunClient.patch_by_exp_id-async:False|DEBUG|[START]
2022-06-09 22:54:10,667|azureml._SubmittedRun#mslearn-diabetes_1654815067_d3e584ca.RunHistoryFacade.RunClient|DEBUG|ClientBase: Calling patch_by_exp_id with url /history/v1.0/subscriptions/{subscriptionId}/resourceGroups/{resourceGroupName}/providers/Microsoft.MachineLearningServices/workspaces/{workspaceName}/experimentids/{experimentId}/runs/{runId}
2022-06-09 22:54:10,742|azureml._SubmittedRun#mslearn-diabetes_1654815067_d3e584ca.RunHistoryFacade.RunClient.patch_by_exp_id-async:False|DEBUG|[STOP]
2022-06-09 22:54:10,742|azureml.WorkerPool|DEBUG|[START]
2022-06-09 22:54:10,742|azureml.SendRunKillSignal|DEBUG|[START]
2022-06-09 22:54:10,742|azureml.RunStatusContext|DEBUG|[START]
2022-06-09 22:54:10,742|azureml._SubmittedRun#mslearn-diabetes_1654815067_d3e584ca.RunContextManager.RunStatusContext|DEBUG|[START]
2022-06-09 22:54:10,742|azureml.MetricsClient|DEBUG|[START]
2022-06-09 22:54:10,742|azureml._SubmittedRun#mslearn-diabetes_1654815067_d3e584ca.RunHistoryFacade.MetricsClient|DEBUG|[START]
2022-06-09 22:54:10,742|azureml.ContentUploader|DEBUG|[START]
2022-06-09 22:54:10,743|azureml._history.utils.context_managers|DEBUG|starting file watcher
2022-06-09 22:54:10,744|azureml._history.utils.context_managers.FileWatcher.UploadQueue|DEBUG|[Start]
2022-06-09 22:54:10,744|azureml.TrackFolders|DEBUG|[START]
2022-06-09 22:54:10,744|azureml.WorkingDirectoryCM|DEBUG|[START]
2022-06-09 22:54:10,744|azureml.history._tracking.PythonWorkingDirectory.workingdir|DEBUG|[START]
2022-06-09 22:54:10,744|azureml.history._tracking.PythonWorkingDirectory|INFO|Current working dir: /azureml-run
2022-06-09 22:54:10,744|azureml.history._tracking.PythonWorkingDirectory.workingdir|DEBUG|Calling pyfs
2022-06-09 22:54:10,744|azureml.history._tracking.PythonWorkingDirectory.workingdir|DEBUG|Storing working dir for pyfs as /azureml-run
2022-06-09 22:54:10,755|azureml.core.run|DEBUG|Identity in use is not set. Falling back to using AMLToken
2022-06-09 22:54:10,755|azureml.core.run|DEBUG|Using AMLToken auth for remote run
2022-06-09 22:54:10,755|azureml._restclient.service_context|DEBUG|Access an existing static threadpool for ServiceContext class
2022-06-09 22:54:10,756|azureml._base_sdk_common.service_discovery|DEBUG|Found history service url in environment variable AZUREML_SERVICE_ENDPOINT, history service url: https://eastus.api.azureml.ms.
2022-06-09 22:54:10,756|azureml._base_sdk_common.service_discovery|DEBUG|Found history service url in environment variable AZUREML_SERVICE_ENDPOINT, history service url: https://eastus.api.azureml.ms.
2022-06-09 22:54:10,756|azureml._base_sdk_common.service_discovery|DEBUG|Found history service url in environment variable AZUREML_SERVICE_ENDPOINT, history service url: https://eastus.api.azureml.ms.
2022-06-09 22:54:10,756|azureml._base_sdk_common.service_discovery|DEBUG|Found history service url in environment variable AZUREML_SERVICE_ENDPOINT, history service url: https://eastus.api.azureml.ms.
2022-06-09 22:54:10,757|azureml._base_sdk_common.service_discovery|DEBUG|Found history service url in environment variable AZUREML_SERVICE_ENDPOINT, history service url: https://eastus.api.azureml.ms.
2022-06-09 22:54:10,757|azureml._base_sdk_common.service_discovery|DEBUG|Found history service url in environment variable AZUREML_SERVICE_ENDPOINT, history service url: https://eastus.api.azureml.ms.
2022-06-09 22:54:10,757|azureml._base_sdk_common.service_discovery|DEBUG|Found history service url in environment variable AZUREML_SERVICE_ENDPOINT, history service url: https://eastus.api.azureml.ms.
2022-06-09 22:54:10,793|azureml._SubmittedRun#mslearn-diabetes_1654815067_d3e584ca.RunHistoryFacade.RunClient.get_by_exp_id-async:False|DEBUG|[START]
2022-06-09 22:54:10,793|azureml._SubmittedRun#mslearn-diabetes_1654815067_d3e584ca.RunHistoryFacade.RunClient|DEBUG|ClientBase: Calling get_by_exp_id with url /history/v1.0/subscriptions/{subscriptionId}/resourceGroups/{resourceGroupName}/providers/Microsoft.MachineLearningServices/workspaces/{workspaceName}/experimentids/{experimentId}/runs/{runId}
2022-06-09 22:54:10,796|azureml._SubmittedRun#mslearn-diabetes_1654815067_d3e584ca.RunHistoryFacade.ArtifactsClient.batch_create_empty_artifacts-async:False|DEBUG|[START]
2022-06-09 22:54:10,796|azureml._SubmittedRun#mslearn-diabetes_1654815067_d3e584ca.RunHistoryFacade.ArtifactsClient|DEBUG|ClientBase: Calling batch_create_empty_artifacts with url /artifact/v2.0/subscriptions/{subscriptionId}/resourceGroups/{resourceGroupName}/providers/Microsoft.MachineLearningServices/workspaces/{workspaceName}/artifacts/batch/metadata/{origin}/{container}
2022-06-09 22:54:10,848|azureml._SubmittedRun#mslearn-diabetes_1654815067_d3e584ca.RunHistoryFacade.RunClient.get_by_exp_id-async:False|DEBUG|[STOP]
2022-06-09 22:54:10,850|azureml._SubmittedRun#mslearn-diabetes_1654815067_d3e584ca|DEBUG|Constructing run from dto. type: azureml.scriptrun, source: None, props: {'_azureml.ComputeTargetType': 'local', 'ContentSnapshotId': '7d853180-84b7-46da-9b2b-e656a4d5ca81', 'azureml.git.repository_uri': 'https://github.com/arpan-ta/mslearn-dp100.git', 'mlflow.source.git.repoURL': 'https://github.com/arpan-ta/mslearn-dp100.git', 'azureml.git.branch': 'main', 'mlflow.source.git.branch': 'main', 'azureml.git.commit': 'd2354e40eec31c22eb09381c6a890311cccc30c9', 'mlflow.source.git.commit': 'd2354e40eec31c22eb09381c6a890311cccc30c9', 'azureml.git.dirty': 'True'}
2022-06-09 22:54:10,850|azureml._SubmittedRun#mslearn-diabetes_1654815067_d3e584ca.RunContextManager|DEBUG|Valid logs dir, setting up content loader
2022-06-09 22:54:10,867|azureml._SubmittedRun#mslearn-diabetes_1654815067_d3e584ca.RunHistoryFacade.MetricsClient|DEBUG|Overrides: Max batch size: 50, batch cushion: 5, Interval: 1.
2022-06-09 22:54:10,867|azureml._SubmittedRun#mslearn-diabetes_1654815067_d3e584ca.RunHistoryFacade.MetricsClient.PostMetricsBatchV2.PostMetricsBatchV2Daemon|DEBUG|Starting daemon and triggering first instance
2022-06-09 22:54:10,867|azureml._SubmittedRun#mslearn-diabetes_1654815067_d3e584ca.RunHistoryFacade.MetricsClient|DEBUG|Used <class 'azureml._common.async_utils.batch_task_queue.BatchTaskQueue'> for use_batch=True.
2022-06-09 22:54:10,874|azureml._SubmittedRun#mslearn-diabetes_1654815067_d3e584ca|INFO|complete is not setting status for submitted runs.
2022-06-09 22:54:10,874|azureml._SubmittedRun#mslearn-diabetes_1654815067_d3e584ca.RunHistoryFacade.MetricsClient.FlushingMetricsClient|DEBUG|[START]
2022-06-09 22:54:10,874|azureml._SubmittedRun#mslearn-diabetes_1654815067_d3e584ca.RunHistoryFacade.MetricsClient|DEBUG|Overrides: Max batch size: 50, batch cushion: 5, Interval: 1.
2022-06-09 22:54:10,874|azureml._SubmittedRun#mslearn-diabetes_1654815067_d3e584ca.RunHistoryFacade.MetricsClient.PostMetricsBatch.PostMetricsBatchDaemon|DEBUG|Starting daemon and triggering first instance
2022-06-09 22:54:10,874|azureml._SubmittedRun#mslearn-diabetes_1654815067_d3e584ca.RunHistoryFacade.MetricsClient|DEBUG|Used <class 'azureml._common.async_utils.batch_task_queue.BatchTaskQueue'> for use_batch=True.
2022-06-09 22:54:10,874|azureml._SubmittedRun#mslearn-diabetes_1654815067_d3e584ca.RunHistoryFacade.MetricsClient.PostMetricsBatch.WaitFlushSource:MetricsClient|DEBUG|[START]
2022-06-09 22:54:10,874|azureml._SubmittedRun#mslearn-diabetes_1654815067_d3e584ca.RunHistoryFacade.MetricsClient.PostMetricsBatch.WaitFlushSource:MetricsClient|DEBUG|flush timeout 300 is different from task queue timeout 120, using flush timeout
2022-06-09 22:54:10,874|azureml._SubmittedRun#mslearn-diabetes_1654815067_d3e584ca.RunHistoryFacade.MetricsClient.PostMetricsBatch.WaitFlushSource:MetricsClient|DEBUG|Waiting 300 seconds on tasks: [].
2022-06-09 22:54:10,875|azureml._SubmittedRun#mslearn-diabetes_1654815067_d3e584ca.RunHistoryFacade.MetricsClient.PostMetricsBatch|DEBUG|
2022-06-09 22:54:10,875|azureml._SubmittedRun#mslearn-diabetes_1654815067_d3e584ca.RunHistoryFacade.MetricsClient.PostMetricsBatch.WaitFlushSource:MetricsClient|DEBUG|[STOP]
2022-06-09 22:54:10,875|azureml.BatchTaskQueueAdd_1_Batches|DEBUG|[Start]
2022-06-09 22:54:10,875|azureml.BatchTaskQueueAdd_1_Batches.WorkerPool|DEBUG|submitting future: _handle_batch
2022-06-09 22:54:10,876|azureml._SubmittedRun#mslearn-diabetes_1654815067_d3e584ca.RunHistoryFacade.MetricsClient.PostMetricsBatchV2|DEBUG|Batch size 3.
2022-06-09 22:54:10,876|azureml.BatchTaskQueueAdd_1_Batches.0__handle_batch|DEBUG|Using basic handler - no exception handling
2022-06-09 22:54:10,876|azureml._restclient.service_context.WorkerPool|DEBUG|submitting future: _log_batch_v2
2022-06-09 22:54:10,876|azureml.BatchTaskQueueAdd_1_Batches|DEBUG|Adding task 0__handle_batch to queue of approximate size: 0
2022-06-09 22:54:10,876|azureml._SubmittedRun#mslearn-diabetes_1654815067_d3e584ca.RunHistoryFacade.MetricsClient|DEBUG|Metrics Client: _log_batch_v2 is calling post_run_metrics posting 3 values.
2022-06-09 22:54:10,877|azureml._SubmittedRun#mslearn-diabetes_1654815067_d3e584ca.RunHistoryFacade.MetricsClient.PostMetricsBatchV2.0__log_batch_v2|DEBUG|Using basic handler - no exception handling
2022-06-09 22:54:10,877|azureml.BatchTaskQueueAdd_1_Batches|DEBUG|[Stop] - waiting default timeout
2022-06-09 22:54:10,877|azureml._SubmittedRun#mslearn-diabetes_1654815067_d3e584ca.RunHistoryFacade.MetricsClient._post_run_metrics_log_failed_validations-async:False|DEBUG|[START]
2022-06-09 22:54:10,877|azureml._SubmittedRun#mslearn-diabetes_1654815067_d3e584ca.RunHistoryFacade.MetricsClient.PostMetricsBatchV2|DEBUG|Adding task 0__log_batch_v2 to queue of approximate size: 0
2022-06-09 22:54:10,877|azureml.BatchTaskQueueAdd_1_Batches.WaitFlushSource:BatchTaskQueueAdd_1_Batches|DEBUG|[START]
2022-06-09 22:54:10,877|azureml._SubmittedRun#mslearn-diabetes_1654815067_d3e584ca.RunHistoryFacade.MetricsClient|DEBUG|ClientBase: Calling _post_run_metrics_log_failed_validations with url None
2022-06-09 22:54:10,877|azureml.BatchTaskQueueAdd_1_Batches.WaitFlushSource:BatchTaskQueueAdd_1_Batches|DEBUG|Overriding default flush timeout from None to 120
2022-06-09 22:54:10,881|azureml.BatchTaskQueueAdd_1_Batches.WaitFlushSource:BatchTaskQueueAdd_1_Batches|DEBUG|Waiting 120 seconds on tasks: [AsyncTask(0__handle_batch)].
2022-06-09 22:54:10,882|azureml.BatchTaskQueueAdd_1_Batches.0__handle_batch.WaitingTask|DEBUG|[START]
2022-06-09 22:54:10,882|azureml.BatchTaskQueueAdd_1_Batches.0__handle_batch.WaitingTask|DEBUG|Awaiter is BatchTaskQueueAdd_1_Batches
2022-06-09 22:54:10,882|azureml.BatchTaskQueueAdd_1_Batches.0__handle_batch.WaitingTask|DEBUG|[STOP]
2022-06-09 22:54:10,882|azureml.BatchTaskQueueAdd_1_Batches|DEBUG|
2022-06-09 22:54:10,882|azureml.BatchTaskQueueAdd_1_Batches.WaitFlushSource:BatchTaskQueueAdd_1_Batches|DEBUG|[STOP]
2022-06-09 22:54:10,882|azureml._SubmittedRun#mslearn-diabetes_1654815067_d3e584ca.RunHistoryFacade.MetricsClient.PostMetricsBatchV2.WaitFlushSource:MetricsClient|DEBUG|[START]
2022-06-09 22:54:10,882|azureml._SubmittedRun#mslearn-diabetes_1654815067_d3e584ca.RunHistoryFacade.MetricsClient.PostMetricsBatchV2.WaitFlushSource:MetricsClient|DEBUG|flush timeout 300 is different from task queue timeout 120, using flush timeout
2022-06-09 22:54:10,882|azureml._SubmittedRun#mslearn-diabetes_1654815067_d3e584ca.RunHistoryFacade.MetricsClient.PostMetricsBatchV2.WaitFlushSource:MetricsClient|DEBUG|Waiting 300 seconds on tasks: [AsyncTask(0__log_batch_v2)].
2022-06-09 22:54:10,982|azureml._SubmittedRun#mslearn-diabetes_1654815067_d3e584ca.RunHistoryFacade.ArtifactsClient.batch_create_empty_artifacts-async:False|DEBUG|[STOP]
2022-06-09 22:54:11,021|azureml._history.utils.context_managers.FileWatcher|DEBUG|uploading data to container: azureml blob: ExperimentRun/dcid.mslearn-diabetes_1654815067_d3e584ca/logs/azureml/8_azureml.log path: /azureml-run/logs/azureml/8_azureml.log
2022-06-09 22:54:11,022|azureml._history.utils.context_managers.FileWatcher.UploadQueue.WorkerPool|DEBUG|submitting future: result
2022-06-09 22:54:11,022|azureml._history.utils.context_managers.FileWatcher.UploadQueue.0_result|DEBUG|Using basic handler - no exception handling
2022-06-09 22:54:11,022|azureml._history.utils.context_managers.FileWatcher.UploadQueue|DEBUG|Adding task 0_result to queue of approximate size: 0
2022-06-09 22:54:11,114|azureml._SubmittedRun#mslearn-diabetes_1654815067_d3e584ca.RunHistoryFacade.MetricsClient._post_run_metrics_log_failed_validations-async:False|DEBUG|[STOP]
2022-06-09 22:54:11,132|azureml._SubmittedRun#mslearn-diabetes_1654815067_d3e584ca.RunHistoryFacade.MetricsClient.PostMetricsBatchV2.0__log_batch_v2.WaitingTask|DEBUG|[START]
2022-06-09 22:54:11,133|azureml._SubmittedRun#mslearn-diabetes_1654815067_d3e584ca.RunHistoryFacade.MetricsClient.PostMetricsBatchV2.0__log_batch_v2.WaitingTask|DEBUG|Awaiter is PostMetricsBatchV2
2022-06-09 22:54:11,133|azureml._SubmittedRun#mslearn-diabetes_1654815067_d3e584ca.RunHistoryFacade.MetricsClient.PostMetricsBatchV2.0__log_batch_v2.WaitingTask|DEBUG|[STOP]
2022-06-09 22:54:11,133|azureml._SubmittedRun#mslearn-diabetes_1654815067_d3e584ca.RunHistoryFacade.MetricsClient.PostMetricsBatchV2|DEBUG|Waiting on task: 0__log_batch_v2.
1 tasks left. Current duration of flush 0.00010275840759277344 seconds.

2022-06-09 22:54:11,133|azureml._SubmittedRun#mslearn-diabetes_1654815067_d3e584ca.RunHistoryFacade.MetricsClient.PostMetricsBatchV2.WaitFlushSource:MetricsClient|DEBUG|[STOP]
2022-06-09 22:54:11,133|azureml._SubmittedRun#mslearn-diabetes_1654815067_d3e584ca.RunHistoryFacade.MetricsClient.FlushingMetricsClient|DEBUG|[STOP]
2022-06-09 22:54:11,133|azureml._SubmittedRun#mslearn-diabetes_1654815067_d3e584ca.RunHistoryFacade.MetricsClient.wait_on_ingest-async:False|DEBUG|[START]
2022-06-09 22:54:11,133|azureml._SubmittedRun#mslearn-diabetes_1654815067_d3e584ca.RunHistoryFacade.MetricsClient|DEBUG|ClientBase: Calling wait_on_ingest with url /history/v1.0/subscriptions/{subscriptionId}/resourceGroups/{resourceGroupName}/providers/Microsoft.MachineLearningServices/workspaces/{workspaceName}/experiments/{experimentName}/runs/{runId}/metricsingest/wait
2022-06-09 22:54:11,191|azureml._SubmittedRun#mslearn-diabetes_1654815067_d3e584ca.RunHistoryFacade.MetricsClient.wait_on_ingest-async:False|DEBUG|[STOP]
2022-06-09 22:54:16,197|azureml._restclient.clientbase|DEBUG|ClientBase: Calling update_status with url None
2022-06-09 22:54:16,288|azureml.history._tracking.PythonWorkingDirectory.workingdir|DEBUG|Uploading tracked directories: [], excluding []
2022-06-09 22:54:16,288|azureml.history._tracking.PythonWorkingDirectory.workingdir|DEBUG|Calling track for pyfs
2022-06-09 22:54:16,382|azureml.history._tracking.PythonWorkingDirectory.workingdir|DEBUG|Calling pyfs
2022-06-09 22:54:16,383|azureml.history._tracking.PythonWorkingDirectory|INFO|Current working dir: /azureml-run
2022-06-09 22:54:16,383|azureml.history._tracking.PythonWorkingDirectory.workingdir|DEBUG|Reverting working dir from /azureml-run to /azureml-run
2022-06-09 22:54:16,383|azureml.history._tracking.PythonWorkingDirectory|INFO|Working dir is already updated /azureml-run
2022-06-09 22:54:16,383|azureml.history._tracking.PythonWorkingDirectory.workingdir|DEBUG|[STOP]
2022-06-09 22:54:16,383|azureml.WorkingDirectoryCM|DEBUG|[STOP]
2022-06-09 22:54:16,383|azureml.history._tracking.PythonWorkingDirectory.workingdir|DEBUG|Uploading tracked directories: ['./outputs'], excluding ['azureml-logs/driver_log']
2022-06-09 22:54:16,383|azureml.history._tracking.PythonWorkingDirectory.workingdir|DEBUG|Calling track for pyfs
2022-06-09 22:54:16,383|azureml.history._tracking.PythonWorkingDirectory|DEBUG|./outputs exists as directory, uploading..
2022-06-09 22:54:16,383|azureml.history._tracking.PythonWorkingDirectory|DEBUG|Found and adding path to upload: ./outputs/sample.csv
2022-06-09 22:54:16,383|azureml.history._tracking.PythonWorkingDirectory|DEBUG|Paths to upload is ['./outputs/sample.csv'] in dir ./outputs
2022-06-09 22:54:16,384|azureml._SubmittedRun#mslearn-diabetes_1654815067_d3e584ca.RunHistoryFacade.ArtifactsClient.upload_files|DEBUG|Overriding default timeout to 300
2022-06-09 22:54:16,384|azureml._SubmittedRun#mslearn-diabetes_1654815067_d3e584ca.RunHistoryFacade.ArtifactsClient.upload_files|DEBUG|[Start]
2022-06-09 22:54:16,384|azureml._SubmittedRun#mslearn-diabetes_1654815067_d3e584ca.RunHistoryFacade.ArtifactsClient.batch_create_empty_artifacts-async:False|DEBUG|[START]
2022-06-09 22:54:16,384|azureml._SubmittedRun#mslearn-diabetes_1654815067_d3e584ca.RunHistoryFacade.ArtifactsClient|DEBUG|ClientBase: Calling batch_create_empty_artifacts with url /artifact/v2.0/subscriptions/{subscriptionId}/resourceGroups/{resourceGroupName}/providers/Microsoft.MachineLearningServices/workspaces/{workspaceName}/artifacts/batch/metadata/{origin}/{container}
2022-06-09 22:54:16,539|azureml._SubmittedRun#mslearn-diabetes_1654815067_d3e584ca.RunHistoryFacade.ArtifactsClient.batch_create_empty_artifacts-async:False|DEBUG|[STOP]
2022-06-09 22:54:16,539|azureml._restclient.service_context.WorkerPool|DEBUG|submitting future: perform_upload
2022-06-09 22:54:16,540|azureml._SubmittedRun#mslearn-diabetes_1654815067_d3e584ca.RunHistoryFacade.ArtifactsClient.upload_files.0_perform_upload|DEBUG|Using basic handler - no exception handling
2022-06-09 22:54:16,540|azureml._restclient.clientbase|DEBUG|ClientBase: Calling create_blob_from_stream with url None
2022-06-09 22:54:16,540|azureml._SubmittedRun#mslearn-diabetes_1654815067_d3e584ca.RunHistoryFacade.ArtifactsClient.upload_files|DEBUG|Adding task 0_perform_upload to queue of approximate size: 0
2022-06-09 22:54:16,541|azureml._SubmittedRun#mslearn-diabetes_1654815067_d3e584ca.RunHistoryFacade.ArtifactsClient.upload_files|DEBUG|[Stop] - waiting default timeout
2022-06-09 22:54:16,542|azureml._SubmittedRun#mslearn-diabetes_1654815067_d3e584ca.RunHistoryFacade.ArtifactsClient.upload_files.WaitFlushSource:upload_files|DEBUG|[START]
2022-06-09 22:54:16,542|azureml._SubmittedRun#mslearn-diabetes_1654815067_d3e584ca.RunHistoryFacade.ArtifactsClient.upload_files.WaitFlushSource:upload_files|DEBUG|Overriding default flush timeout from None to 300
2022-06-09 22:54:16,542|azureml._SubmittedRun#mslearn-diabetes_1654815067_d3e584ca.RunHistoryFacade.ArtifactsClient.upload_files.WaitFlushSource:upload_files|DEBUG|Waiting 300 seconds on tasks: [AsyncTask(0_perform_upload)].
2022-06-09 22:54:16,605|azureml._file_utils.upload|DEBUG|Uploaded blob ExperimentRun/dcid.mslearn-diabetes_1654815067_d3e584ca/outputs/sample.csv with size 5529, file size 5529.
2022-06-09 22:54:16,792|azureml._SubmittedRun#mslearn-diabetes_1654815067_d3e584ca.RunHistoryFacade.ArtifactsClient.upload_files.0_perform_upload.WaitingTask|DEBUG|[START]
2022-06-09 22:54:16,793|azureml._SubmittedRun#mslearn-diabetes_1654815067_d3e584ca.RunHistoryFacade.ArtifactsClient.upload_files.0_perform_upload.WaitingTask|DEBUG|Awaiter is upload_files
2022-06-09 22:54:16,793|azureml._SubmittedRun#mslearn-diabetes_1654815067_d3e584ca.RunHistoryFacade.ArtifactsClient.upload_files.0_perform_upload.WaitingTask|DEBUG|[STOP]
2022-06-09 22:54:16,793|azureml._SubmittedRun#mslearn-diabetes_1654815067_d3e584ca.RunHistoryFacade.ArtifactsClient.upload_files|DEBUG|Waiting on task: 0_perform_upload.
1 tasks left. Current duration of flush 0.00010371208190917969 seconds.

2022-06-09 22:54:16,793|azureml._SubmittedRun#mslearn-diabetes_1654815067_d3e584ca.RunHistoryFacade.ArtifactsClient.upload_files.WaitFlushSource:upload_files|DEBUG|[STOP]
2022-06-09 22:54:16,793|azureml.TrackFolders|DEBUG|[STOP]
2022-06-09 22:54:16,793|azureml._history.utils.context_managers|DEBUG|exiting ContentUploader, waiting for file_watcher to finish upload...
2022-06-09 22:54:16,793|azureml._history.utils.context_managers.FileWatcher|DEBUG|FileWatcher called finish, setting event
2022-06-09 22:54:16,794|azureml._history.utils.context_managers.FileWatcher|DEBUG|FileWatcher received exit event, getting current_stat
2022-06-09 22:54:16,794|azureml._history.utils.context_managers.FileWatcher.UploadQueue.WorkerPool|DEBUG|submitting future: result
2022-06-09 22:54:16,795|azureml._history.utils.context_managers.FileWatcher.UploadQueue.1_result|DEBUG|Using basic handler - no exception handling
2022-06-09 22:54:16,796|azureml._history.utils.context_managers.FileWatcher.UploadQueue|DEBUG|Adding task 1_result to queue of approximate size: 1
2022-06-09 22:54:16,796|azureml._history.utils.context_managers.FileWatcher|DEBUG|FileWatcher retrieved current_stat, will upload to current_stat
2022-06-09 22:54:16,796|azureml._history.utils.context_managers.FileWatcher|DEBUG|FileWatcher uploading files to current_stat...
2022-06-09 22:54:16,801|azureml._history.utils.context_managers.FileWatcher|DEBUG|FileWatcher uploading files to current_stat...
2022-06-09 22:54:16,801|azureml._history.utils.context_managers.FileWatcher|DEBUG|FileWatcher uploading files to current_stat...
2022-06-09 22:54:16,801|azureml._history.utils.context_managers.FileWatcher|DEBUG|FileWatcher uploading files to current_stat...
2022-06-09 22:54:16,801|azureml._history.utils.context_managers.FileWatcher|DEBUG|FileWatcher uploading files to current_stat...
2022-06-09 22:54:16,802|azureml._history.utils.context_managers.FileWatcher|DEBUG|FileWatcher uploading files to current_stat...
2022-06-09 22:54:16,802|azureml._history.utils.context_managers.FileWatcher|DEBUG|FileWatcher uploading files to current_stat...
2022-06-09 22:54:16,802|azureml._history.utils.context_managers.FileWatcher|DEBUG|FileWatcher uploading files to current_stat...
2022-06-09 22:54:16,802|azureml._history.utils.context_managers.FileWatcher|DEBUG|FileWatcher uploading files to current_stat...
2022-06-09 22:54:16,802|azureml._history.utils.context_managers.FileWatcher|DEBUG|FileWatcher uploading files to current_stat...
2022-06-09 22:54:16,803|azureml._history.utils.context_managers.FileWatcher|DEBUG|FileWatcher uploading files to current_stat...
2022-06-09 22:54:16,803|azureml._history.utils.context_managers.FileWatcher|DEBUG|FileWatcher uploading files to current_stat...
2022-06-09 22:54:16,803|azureml._history.utils.context_managers.FileWatcher|DEBUG|FileWatcher uploading files to current_stat...
2022-06-09 22:54:16,803|azureml._history.utils.context_managers.FileWatcher|DEBUG|FileWatcher uploading files to current_stat...
2022-06-09 22:54:16,803|azureml._history.utils.context_managers.FileWatcher|DEBUG|FileWatcher uploading files to current_stat...
2022-06-09 22:54:16,803|azureml._history.utils.context_managers.FileWatcher|DEBUG|FileWatcher uploading files to current_stat...
2022-06-09 22:54:16,804|azureml._history.utils.context_managers.FileWatcher|DEBUG|FileWatcher uploading files to current_stat...
2022-06-09 22:54:16,804|azureml._history.utils.context_managers.FileWatcher|DEBUG|FileWatcher uploading files to current_stat...
2022-06-09 22:54:16,804|azureml._history.utils.context_managers.FileWatcher|DEBUG|FileWatcher uploading files to current_stat...
2022-06-09 22:54:16,804|azureml._history.utils.context_managers.FileWatcher|DEBUG|FileWatcher uploading files to current_stat...
2022-06-09 22:54:16,804|azureml._history.utils.context_managers.FileWatcher|DEBUG|FileWatcher uploading files to current_stat...
2022-06-09 22:54:16,804|azureml._history.utils.context_managers.FileWatcher|DEBUG|FileWatcher uploading files to current_stat...
2022-06-09 22:54:16,805|azureml._history.utils.context_managers.FileWatcher|DEBUG|FileWatcher uploading files to current_stat...
2022-06-09 22:54:16,805|azureml._history.utils.context_managers.FileWatcher|DEBUG|FileWatcher uploading files to current_stat...
2022-06-09 22:54:16,805|azureml._history.utils.context_managers.FileWatcher|DEBUG|FileWatcher uploading files to current_stat...
2022-06-09 22:54:16,805|azureml._history.utils.context_managers.FileWatcher|DEBUG|FileWatcher uploading files to current_stat...
2022-06-09 22:54:16,805|azureml._history.utils.context_managers.FileWatcher|DEBUG|FileWatcher uploading files to current_stat...
2022-06-09 22:54:16,806|azureml._history.utils.context_managers.FileWatcher|DEBUG|FileWatcher uploading files to current_stat...
2022-06-09 22:54:16,806|azureml._history.utils.context_managers.FileWatcher|DEBUG|FileWatcher uploading files to current_stat...
2022-06-09 22:54:16,806|azureml._history.utils.context_managers.FileWatcher|DEBUG|FileWatcher uploading files to current_stat...
2022-06-09 22:54:16,806|azureml._history.utils.context_managers.FileWatcher|DEBUG|FileWatcher uploading files to current_stat...
2022-06-09 22:54:16,806|azureml._history.utils.context_managers.FileWatcher|DEBUG|FileWatcher uploading files to current_stat...
2022-06-09 22:54:16,806|azureml._history.utils.context_managers.FileWatcher|DEBUG|FileWatcher uploading files to current_stat...
2022-06-09 22:54:16,807|azureml._history.utils.context_managers.FileWatcher|DEBUG|FileWatcher uploading files to current_stat...
2022-06-09 22:54:16,807|azureml._history.utils.context_managers.FileWatcher|DEBUG|FileWatcher uploading files to current_stat...
2022-06-09 22:54:16,807|azureml._history.utils.context_managers.FileWatcher|DEBUG|FileWatcher uploading files to current_stat...
2022-06-09 22:54:16,807|azureml._history.utils.context_managers.FileWatcher|DEBUG|FileWatcher uploading files to current_stat...
2022-06-09 22:54:16,807|azureml._history.utils.context_managers.FileWatcher|DEBUG|FileWatcher uploading files to current_stat...
2022-06-09 22:54:16,807|azureml._history.utils.context_managers.FileWatcher|DEBUG|FileWatcher uploading files to current_stat...
2022-06-09 22:54:16,807|azureml._history.utils.context_managers.FileWatcher|DEBUG|FileWatcher uploading files to current_stat...
2022-06-09 22:54:16,808|azureml._history.utils.context_managers.FileWatcher|DEBUG|FileWatcher uploading files to current_stat...
2022-06-09 22:54:16,808|azureml._history.utils.context_managers.FileWatcher|DEBUG|FileWatcher uploading files to current_stat...
2022-06-09 22:54:16,808|azureml._history.utils.context_managers.FileWatcher|DEBUG|FileWatcher uploading files to current_stat...
2022-06-09 22:54:16,808|azureml._history.utils.context_managers.FileWatcher|DEBUG|FileWatcher uploading files to current_stat...
2022-06-09 22:54:16,808|azureml._history.utils.context_managers.FileWatcher|DEBUG|FileWatcher uploading files to current_stat...
2022-06-09 22:54:16,808|azureml._history.utils.context_managers.FileWatcher|DEBUG|FileWatcher uploading files to current_stat...
2022-06-09 22:54:16,809|azureml._history.utils.context_managers.FileWatcher|DEBUG|FileWatcher uploading files to current_stat...
2022-06-09 22:54:16,809|azureml._history.utils.context_managers.FileWatcher|DEBUG|FileWatcher uploading files to current_stat...
2022-06-09 22:54:16,810|azureml._history.utils.context_managers.FileWatcher.UploadQueue.WorkerPool|DEBUG|submitting future: result
2022-06-09 22:54:16,813|azureml._history.utils.context_managers.FileWatcher.UploadQueue.2_result|DEBUG|Using basic handler - no exception handling
2022-06-09 22:54:16,814|azureml._history.utils.context_managers.FileWatcher.UploadQueue|DEBUG|Adding task 2_result to queue of approximate size: 2
2022-06-09 22:54:16,814|azureml._history.utils.context_managers.FileWatcher|DEBUG|FileWatcher finished uploading to current_stat, finishing task queue
2022-06-09 22:54:16,814|azureml._history.utils.context_managers.FileWatcher.UploadQueue|DEBUG|[Stop] - waiting default timeout
2022-06-09 22:54:16,814|azureml._history.utils.context_managers.FileWatcher.UploadQueue.WaitFlushSource:UploadQueue|DEBUG|[START]
2022-06-09 22:54:16,814|azureml._history.utils.context_managers.FileWatcher.UploadQueue.WaitFlushSource:UploadQueue|DEBUG|Overriding default flush timeout from None to 120
2022-06-09 22:54:16,814|azureml._history.utils.context_managers.FileWatcher.UploadQueue.WaitFlushSource:UploadQueue|DEBUG|Waiting 120 seconds on tasks: [AsyncTask(0_result), AsyncTask(1_result), AsyncTask(2_result)].
2022-06-09 22:54:16,814|azureml._history.utils.context_managers.FileWatcher.UploadQueue.0_result.WaitingTask|DEBUG|[START]
2022-06-09 22:54:16,814|azureml._history.utils.context_managers.FileWatcher.UploadQueue.0_result.WaitingTask|DEBUG|Awaiter is UploadQueue
2022-06-09 22:54:16,814|azureml._history.utils.context_managers.FileWatcher.UploadQueue.0_result.WaitingTask|DEBUG|[STOP]
2022-06-09 22:54:16,814|azureml._history.utils.context_managers.FileWatcher.UploadQueue.1_result.WaitingTask|DEBUG|[START]
2022-06-09 22:54:16,814|azureml._history.utils.context_managers.FileWatcher.UploadQueue.1_result.WaitingTask|DEBUG|Awaiter is UploadQueue
2022-06-09 22:54:16,814|azureml._history.utils.context_managers.FileWatcher.UploadQueue.1_result.WaitingTask|DEBUG|[STOP]
2022-06-09 22:54:17,065|azureml._history.utils.context_managers.FileWatcher.UploadQueue.2_result.WaitingTask|DEBUG|[START]
2022-06-09 22:54:17,065|azureml._history.utils.context_managers.FileWatcher.UploadQueue.2_result.WaitingTask|DEBUG|Awaiter is UploadQueue
2022-06-09 22:54:17,065|azureml._history.utils.context_managers.FileWatcher.UploadQueue.2_result.WaitingTask|DEBUG|[STOP]
2022-06-09 22:54:17,065|azureml._history.utils.context_managers.FileWatcher.UploadQueue|DEBUG|Waiting on task: 2_result.
1 tasks left. Current duration of flush 0.00039124488830566406 seconds.

2022-06-09 22:54:17,065|azureml._history.utils.context_managers.FileWatcher.UploadQueue.WaitFlushSource:UploadQueue|DEBUG|[STOP]
